2026-01-06 00:22:21 WARN  com.zaxxer.hikari.pool.HikariPool - HikariPool-1 - Thread starvation or clock leap detected (housekeeper delta=26m49s674ms244µs300ns).
2026-01-06 00:38:35 INFO  o.a.c.i.engine.AbstractCamelContext - Apache Camel 4.6.0 (camel-1) is shutting down (timeout:45s)
2026-01-06 00:38:35 INFO  o.a.c.c.s.CamelDirectMessageListenerContainer - Successfully waited for consumers to finish.
2026-01-06 00:38:35 INFO  o.a.c.i.engine.AbstractCamelContext - Routes stopped (total:2)
2026-01-06 00:38:35 INFO  o.a.c.i.engine.AbstractCamelContext -     Stopped order-consumer (spring-rabbitmq://ORDER.CREATED.QUEUE)
2026-01-06 00:38:35 INFO  o.a.c.i.engine.AbstractCamelContext -     Stopped file-to-order-queue (file://input/orders)
2026-01-06 00:38:35 INFO  o.a.c.i.engine.AbstractCamelContext - Apache Camel 4.6.0 (camel-1) shutdown in 415ms (uptime:2h24m)
2026-01-06 00:38:36 INFO  o.s.o.j.LocalContainerEntityManagerFactoryBean - Closing JPA EntityManagerFactory for persistence unit 'default'
2026-01-06 00:38:36 INFO  com.zaxxer.hikari.HikariDataSource - HikariPool-1 - Shutdown initiated...
2026-01-06 00:38:36 INFO  com.zaxxer.hikari.HikariDataSource - HikariPool-1 - Shutdown completed.
2026-01-06 00:38:48 INFO  c.a.o.OrderProcessorApplication - Starting OrderProcessorApplication using Java 21.0.5 with PID 20908 (C:\order-processor\target\classes started by hp in C:\order-processor)
2026-01-06 00:38:48 INFO  c.a.o.OrderProcessorApplication - No active profile set, falling back to 1 default profile: "default"
2026-01-06 00:38:51 INFO  o.s.d.r.c.RepositoryConfigurationDelegate - Bootstrapping Spring Data JPA repositories in DEFAULT mode.
2026-01-06 00:38:51 INFO  o.s.d.r.c.RepositoryConfigurationDelegate - Finished Spring Data repository scanning in 183 ms. Found 1 JPA repository interface.
2026-01-06 00:38:53 INFO  o.s.b.w.e.tomcat.TomcatWebServer - Tomcat initialized with port 8080 (http)
2026-01-06 00:38:53 INFO  o.a.catalina.core.StandardService - Starting service [Tomcat]
2026-01-06 00:38:53 INFO  o.a.catalina.core.StandardEngine - Starting Servlet engine: [Apache Tomcat/10.1.24]
2026-01-06 00:38:54 INFO  o.a.c.c.C.[Tomcat].[localhost].[/] - Initializing Spring embedded WebApplicationContext
2026-01-06 00:38:54 INFO  o.s.b.w.s.c.ServletWebServerApplicationContext - Root WebApplicationContext: initialization completed in 5627 ms
2026-01-06 00:38:54 INFO  com.zaxxer.hikari.HikariDataSource - HikariPool-1 - Starting...
2026-01-06 00:38:54 INFO  com.zaxxer.hikari.pool.HikariPool - HikariPool-1 - Added connection conn0: url=jdbc:h2:mem:orderDb user=SA
2026-01-06 00:38:54 INFO  com.zaxxer.hikari.HikariDataSource - HikariPool-1 - Start completed.
2026-01-06 00:38:54 INFO  o.s.b.a.h.H2ConsoleAutoConfiguration - H2 console available at '/h2-console'. Database available at 'jdbc:h2:mem:orderDb'
2026-01-06 00:38:55 INFO  o.h.jpa.internal.util.LogHelper - HHH000204: Processing PersistenceUnitInfo [name: default]
2026-01-06 00:38:55 INFO  org.hibernate.Version - HHH000412: Hibernate ORM core version 6.4.8.Final
2026-01-06 00:38:55 INFO  o.h.c.i.RegionFactoryInitiator - HHH000026: Second-level cache disabled
2026-01-06 00:38:56 INFO  o.s.o.j.p.SpringPersistenceUnitInfo - No LoadTimeWeaver setup: ignoring JPA class transformer
2026-01-06 00:38:56 WARN  org.hibernate.orm.deprecation - HHH90000025: H2Dialect does not need to be specified explicitly using 'hibernate.dialect' (remove the property setting and it will be selected by default)
2026-01-06 00:38:58 INFO  o.h.e.t.j.p.i.JtaPlatformInitiator - HHH000489: No JTA platform available (set 'hibernate.transaction.jta.platform' to enable JTA platform integration)
2026-01-06 00:38:58 INFO  o.s.o.j.LocalContainerEntityManagerFactoryBean - Initialized JPA EntityManagerFactory for persistence unit 'default'
2026-01-06 00:39:01 WARN  o.s.b.a.o.j.JpaBaseConfiguration$JpaWebConfiguration - spring.jpa.open-in-view is enabled by default. Therefore, database queries may be performed during view rendering. Explicitly configure spring.jpa.open-in-view to disable this warning
2026-01-06 00:39:01 INFO  o.s.s.web.DefaultSecurityFilterChain - Will secure any request with [org.springframework.security.web.session.DisableEncodeUrlFilter@12115c28, org.springframework.security.web.context.request.async.WebAsyncManagerIntegrationFilter@cc3fc5c, org.springframework.security.web.context.SecurityContextHolderFilter@4400026, org.springframework.security.web.header.HeaderWriterFilter@3c89fdd8, org.springframework.web.filter.CorsFilter@2aac60b, org.springframework.security.web.authentication.logout.LogoutFilter@1f41f259, com.assignment.order_processor.security.JwtAuthFilter@3009eed7, org.springframework.security.web.savedrequest.RequestCacheAwareFilter@7c08461b, org.springframework.security.web.servletapi.SecurityContextHolderAwareRequestFilter@6c37c36, org.springframework.security.web.authentication.AnonymousAuthenticationFilter@173602c0, org.springframework.security.web.session.SessionManagementFilter@77587422, org.springframework.security.web.access.ExceptionTranslationFilter@54c1878b, org.springframework.security.web.access.intercept.AuthorizationFilter@4bbabec8]
2026-01-06 00:39:04 INFO  o.s.b.w.e.tomcat.TomcatWebServer - Tomcat started on port 8080 (http) with context path ''
2026-01-06 00:39:05 INFO  o.a.c.s.LifecycleStrategySupport - Autowired property: amqpAdmin on component: spring-rabbitmq as exactly one instance of type: org.springframework.amqp.core.AmqpAdmin (org.springframework.amqp.rabbit.core.RabbitAdmin) found in the registry
2026-01-06 00:39:05 INFO  o.a.c.s.LifecycleStrategySupport - Autowired property: connectionFactory on component: spring-rabbitmq as exactly one instance of type: org.springframework.amqp.rabbit.connection.ConnectionFactory (org.springframework.amqp.rabbit.connection.CachingConnectionFactory) found in the registry
2026-01-06 00:39:05 INFO  o.a.c.i.engine.AbstractCamelContext - Apache Camel 4.6.0 (camel-1) is starting
2026-01-06 00:39:05 INFO  o.s.a.r.c.CachingConnectionFactory - Attempting to connect to: [localhost:5672]
2026-01-06 00:39:05 INFO  o.s.a.r.c.CachingConnectionFactory - Created new connection: rabbitConnectionFactory#6792aa3e:0/SimpleConnection@667ce5fa [delegate=amqp://guest@127.0.0.1:5672/, localPort=60276]
2026-01-06 00:39:05 INFO  o.a.c.c.s.SpringRabbitMQEndpoint - Auto-declaring a non-durable, auto-delete, or exclusive Queue (spring.gen-Ka629OXbRRatDsfg1tda7A)durable:false, auto-delete:false, exclusive:false. It will be redeclared if the broker stops and is restarted while the connection factory is alive, but all messages will be lost.
2026-01-06 00:39:05 INFO  o.a.c.c.s.CamelDirectMessageListenerContainer - Container initialized for queues: [spring.gen-Ka629OXbRRatDsfg1tda7A]
2026-01-06 00:39:05 INFO  o.a.c.i.engine.AbstractCamelContext - Routes startup (total:2)
2026-01-06 00:39:05 INFO  o.a.c.i.engine.AbstractCamelContext -     Started file-to-order-queue (file://input/orders)
2026-01-06 00:39:05 INFO  o.a.c.i.engine.AbstractCamelContext -     Started order-consumer (spring-rabbitmq://ORDER.CREATED.QUEUE)
2026-01-06 00:39:05 INFO  o.a.c.i.engine.AbstractCamelContext - Apache Camel 4.6.0 (camel-1) started in 396ms (build:0ms init:0ms start:396ms)
2026-01-06 00:39:05 INFO  c.a.o.OrderProcessorApplication - Started OrderProcessorApplication in 18.726 seconds (process running for 20.335)
2026-01-06 00:39:05 INFO  o.a.c.c.s.CamelDirectMessageListenerContainer - SimpleConsumer [queue=spring.gen-Ka629OXbRRatDsfg1tda7A, index=0, consumerTag=amq.ctag-zNaEdEba-nSnIUVMnd7aoQ identity=3f8db2b4] started
2026-01-06 00:39:53 INFO  o.a.c.c.C.[Tomcat].[localhost].[/] - Initializing Spring DispatcherServlet 'dispatcherServlet'
2026-01-06 00:39:53 INFO  o.s.web.servlet.DispatcherServlet - Initializing Servlet 'dispatcherServlet'
2026-01-06 00:39:53 INFO  o.s.web.servlet.DispatcherServlet - Completed initialization in 6 ms
2026-01-06 00:39:54 ERROR o.a.c.c.C.[.[.[.[dispatcherServlet] - Servlet.service() for servlet [dispatcherServlet] in context with path [] threw exception
io.jsonwebtoken.security.SignatureException: JWT signature does not match locally computed signature. JWT validity cannot be asserted and should not be trusted.
	at io.jsonwebtoken.impl.DefaultJwtParser.parse(DefaultJwtParser.java:399)
	at io.jsonwebtoken.impl.DefaultJwtParser.parse(DefaultJwtParser.java:529)
	at io.jsonwebtoken.impl.DefaultJwtParser.parseClaimsJws(DefaultJwtParser.java:589)
	at io.jsonwebtoken.impl.ImmutableJwtParser.parseClaimsJws(ImmutableJwtParser.java:173)
	at com.assignment.order_processor.security.JwtUtil.getClaims(JwtUtil.java:52)
	at com.assignment.order_processor.security.JwtUtil.extractUsername(JwtUtil.java:36)
	at com.assignment.order_processor.security.JwtAuthFilter.doFilterInternal(JwtAuthFilter.java:39)
	at org.springframework.web.filter.OncePerRequestFilter.doFilter(OncePerRequestFilter.java:116)
	at org.springframework.security.web.FilterChainProxy$VirtualFilterChain.doFilter(FilterChainProxy.java:374)
	at org.springframework.security.web.authentication.logout.LogoutFilter.doFilter(LogoutFilter.java:107)
	at org.springframework.security.web.authentication.logout.LogoutFilter.doFilter(LogoutFilter.java:93)
	at org.springframework.security.web.FilterChainProxy$VirtualFilterChain.doFilter(FilterChainProxy.java:374)
	at org.springframework.web.filter.CorsFilter.doFilterInternal(CorsFilter.java:91)
	at org.springframework.web.filter.OncePerRequestFilter.doFilter(OncePerRequestFilter.java:116)
	at org.springframework.security.web.FilterChainProxy$VirtualFilterChain.doFilter(FilterChainProxy.java:374)
	at org.springframework.security.web.header.HeaderWriterFilter.doHeadersAfter(HeaderWriterFilter.java:90)
	at org.springframework.security.web.header.HeaderWriterFilter.doFilterInternal(HeaderWriterFilter.java:75)
	at org.springframework.web.filter.OncePerRequestFilter.doFilter(OncePerRequestFilter.java:116)
	at org.springframework.security.web.FilterChainProxy$VirtualFilterChain.doFilter(FilterChainProxy.java:374)
	at org.springframework.security.web.context.SecurityContextHolderFilter.doFilter(SecurityContextHolderFilter.java:82)
	at org.springframework.security.web.context.SecurityContextHolderFilter.doFilter(SecurityContextHolderFilter.java:69)
	at org.springframework.security.web.FilterChainProxy$VirtualFilterChain.doFilter(FilterChainProxy.java:374)
	at org.springframework.security.web.context.request.async.WebAsyncManagerIntegrationFilter.doFilterInternal(WebAsyncManagerIntegrationFilter.java:62)
	at org.springframework.web.filter.OncePerRequestFilter.doFilter(OncePerRequestFilter.java:116)
	at org.springframework.security.web.FilterChainProxy$VirtualFilterChain.doFilter(FilterChainProxy.java:374)
	at org.springframework.security.web.session.DisableEncodeUrlFilter.doFilterInternal(DisableEncodeUrlFilter.java:42)
	at org.springframework.web.filter.OncePerRequestFilter.doFilter(OncePerRequestFilter.java:116)
	at org.springframework.security.web.FilterChainProxy$VirtualFilterChain.doFilter(FilterChainProxy.java:374)
	at org.springframework.security.web.FilterChainProxy.doFilterInternal(FilterChainProxy.java:233)
	at org.springframework.security.web.FilterChainProxy.doFilter(FilterChainProxy.java:191)
	at org.springframework.web.filter.CompositeFilter$VirtualFilterChain.doFilter(CompositeFilter.java:113)
	at org.springframework.web.servlet.handler.HandlerMappingIntrospector.lambda$createCacheFilter$3(HandlerMappingIntrospector.java:195)
	at org.springframework.web.filter.CompositeFilter$VirtualFilterChain.doFilter(CompositeFilter.java:113)
	at org.springframework.web.filter.CompositeFilter.doFilter(CompositeFilter.java:74)
	at org.springframework.security.config.annotation.web.configuration.WebMvcSecurityConfiguration$CompositeFilterChainProxy.doFilter(WebMvcSecurityConfiguration.java:230)
	at org.springframework.web.filter.DelegatingFilterProxy.invokeDelegate(DelegatingFilterProxy.java:352)
	at org.springframework.web.filter.DelegatingFilterProxy.doFilter(DelegatingFilterProxy.java:268)
	at org.apache.catalina.core.ApplicationFilterChain.internalDoFilter(ApplicationFilterChain.java:164)
	at org.apache.catalina.core.ApplicationFilterChain.doFilter(ApplicationFilterChain.java:140)
	at org.springframework.web.filter.RequestContextFilter.doFilterInternal(RequestContextFilter.java:100)
	at org.springframework.web.filter.OncePerRequestFilter.doFilter(OncePerRequestFilter.java:116)
	at org.apache.catalina.core.ApplicationFilterChain.internalDoFilter(ApplicationFilterChain.java:164)
	at org.apache.catalina.core.ApplicationFilterChain.doFilter(ApplicationFilterChain.java:140)
	at org.springframework.web.filter.FormContentFilter.doFilterInternal(FormContentFilter.java:93)
	at org.springframework.web.filter.OncePerRequestFilter.doFilter(OncePerRequestFilter.java:116)
	at org.apache.catalina.core.ApplicationFilterChain.internalDoFilter(ApplicationFilterChain.java:164)
	at org.apache.catalina.core.ApplicationFilterChain.doFilter(ApplicationFilterChain.java:140)
	at org.springframework.web.filter.CharacterEncodingFilter.doFilterInternal(CharacterEncodingFilter.java:201)
	at org.springframework.web.filter.OncePerRequestFilter.doFilter(OncePerRequestFilter.java:116)
	at org.apache.catalina.core.ApplicationFilterChain.internalDoFilter(ApplicationFilterChain.java:164)
	at org.apache.catalina.core.ApplicationFilterChain.doFilter(ApplicationFilterChain.java:140)
	at org.apache.catalina.core.StandardWrapperValve.invoke(StandardWrapperValve.java:167)
	at org.apache.catalina.core.StandardContextValve.invoke(StandardContextValve.java:90)
	at org.apache.catalina.authenticator.AuthenticatorBase.invoke(AuthenticatorBase.java:482)
	at org.apache.catalina.core.StandardHostValve.invoke(StandardHostValve.java:115)
	at org.apache.catalina.valves.ErrorReportValve.invoke(ErrorReportValve.java:93)
	at org.apache.catalina.core.StandardEngineValve.invoke(StandardEngineValve.java:74)
	at org.apache.catalina.connector.CoyoteAdapter.service(CoyoteAdapter.java:344)
	at org.apache.coyote.http11.Http11Processor.service(Http11Processor.java:389)
	at org.apache.coyote.AbstractProcessorLight.process(AbstractProcessorLight.java:63)
	at org.apache.coyote.AbstractProtocol$ConnectionHandler.process(AbstractProtocol.java:896)
	at org.apache.tomcat.util.net.NioEndpoint$SocketProcessor.doRun(NioEndpoint.java:1741)
	at org.apache.tomcat.util.net.SocketProcessorBase.run(SocketProcessorBase.java:52)
	at org.apache.tomcat.util.threads.ThreadPoolExecutor.runWorker(ThreadPoolExecutor.java:1190)
	at org.apache.tomcat.util.threads.ThreadPoolExecutor$Worker.run(ThreadPoolExecutor.java:659)
	at org.apache.tomcat.util.threads.TaskThread$WrappingRunnable.run(TaskThread.java:63)
	at java.base/java.lang.Thread.run(Thread.java:1583)
2026-01-06 00:40:10 INFO  c.a.o.controller.OrderController - Create order request received | CustomerId=CUST201 | Product=Sugar | Amount=20.0
2026-01-06 00:40:10 INFO  c.a.o.service.OrderService - Creating order | CustomerId=CUST201 | Product=Sugar | Amount=20.0
2026-01-06 00:40:10 INFO  c.a.o.service.OrderService - Order saved to database | OrderId=8d8add7a-72d5-4d9d-a6d5-fa46be311804 | Status=CREATED
2026-01-06 00:40:10 INFO  c.a.o.utility.OrderFileWriter - Writing order to file | OrderId=8d8add7a-72d5-4d9d-a6d5-fa46be311804
2026-01-06 00:40:10 INFO  c.a.o.utility.OrderFileWriter - Order file written successfully | OrderId=8d8add7a-72d5-4d9d-a6d5-fa46be311804 
2026-01-06 00:40:10 INFO  c.a.o.service.OrderService - Order written to file | OrderId=8d8add7a-72d5-4d9d-a6d5-fa46be311804
2026-01-06 00:40:10 INFO  c.a.o.controller.OrderController - Order created successfully | OrderId=8d8add7a-72d5-4d9d-a6d5-fa46be311804 | Status=CREATED
2026-01-06 00:40:10 INFO  c.a.o.apache.FileToQueueRoute - File received order-8d8add7a-72d5-4d9d-a6d5-fa46be311804.json
2026-01-06 00:40:10 INFO  c.a.o.apache.FileToQueueRoute - Valid order with orderId 8d8add7a-72d5-4d9d-a6d5-fa46be311804
2026-01-06 00:40:11 INFO  c.a.o.apache.FileToQueueRoute - Order sent to queue
2026-01-06 00:40:11 INFO  c.a.o.apache.OrderConsumerRoute - Order processed | OrderId=8d8add7a-72d5-4d9d-a6d5-fa46be311804 | CustomerId=CUST201 | Amount=20.0
2026-01-06 00:40:55 INFO  c.a.o.service.OrderService - Retrieving all orders
2026-01-06 00:40:55 INFO  c.a.o.service.OrderService - All orders retrieved 
2026-01-06 00:47:01 INFO  o.a.c.i.engine.AbstractCamelContext - Apache Camel 4.6.0 (camel-1) is shutting down (timeout:45s)
2026-01-06 00:47:01 INFO  o.a.c.c.s.CamelDirectMessageListenerContainer - Successfully waited for consumers to finish.
2026-01-06 00:47:01 INFO  o.a.c.i.engine.AbstractCamelContext - Routes stopped (total:2)
2026-01-06 00:47:01 INFO  o.a.c.i.engine.AbstractCamelContext -     Stopped order-consumer (spring-rabbitmq://ORDER.CREATED.QUEUE)
2026-01-06 00:47:01 INFO  o.a.c.i.engine.AbstractCamelContext -     Stopped file-to-order-queue (file://input/orders)
2026-01-06 00:47:01 INFO  o.a.c.i.engine.AbstractCamelContext - Apache Camel 4.6.0 (camel-1) shutdown in 48ms (uptime:7m56s)
2026-01-06 00:47:01 INFO  o.s.o.j.LocalContainerEntityManagerFactoryBean - Closing JPA EntityManagerFactory for persistence unit 'default'
2026-01-06 00:47:01 INFO  com.zaxxer.hikari.HikariDataSource - HikariPool-1 - Shutdown initiated...
2026-01-06 00:47:01 INFO  com.zaxxer.hikari.HikariDataSource - HikariPool-1 - Shutdown completed.
2026-01-06 00:47:12 INFO  c.a.o.OrderProcessorApplication - Starting OrderProcessorApplication using Java 21.0.5 with PID 25220 (C:\order-processor\target\classes started by hp in C:\order-processor)
2026-01-06 00:47:12 INFO  c.a.o.OrderProcessorApplication - No active profile set, falling back to 1 default profile: "default"
2026-01-06 00:47:15 INFO  o.s.d.r.c.RepositoryConfigurationDelegate - Bootstrapping Spring Data JPA repositories in DEFAULT mode.
2026-01-06 00:47:15 INFO  o.s.d.r.c.RepositoryConfigurationDelegate - Finished Spring Data repository scanning in 171 ms. Found 1 JPA repository interface.
2026-01-06 00:47:18 INFO  o.s.b.w.e.tomcat.TomcatWebServer - Tomcat initialized with port 8080 (http)
2026-01-06 00:47:18 INFO  o.a.catalina.core.StandardService - Starting service [Tomcat]
2026-01-06 00:47:18 INFO  o.a.catalina.core.StandardEngine - Starting Servlet engine: [Apache Tomcat/10.1.24]
2026-01-06 00:47:18 INFO  o.a.c.c.C.[Tomcat].[localhost].[/] - Initializing Spring embedded WebApplicationContext
2026-01-06 00:47:18 INFO  o.s.b.w.s.c.ServletWebServerApplicationContext - Root WebApplicationContext: initialization completed in 5664 ms
2026-01-06 00:47:18 INFO  com.zaxxer.hikari.HikariDataSource - HikariPool-1 - Starting...
2026-01-06 00:47:19 INFO  com.zaxxer.hikari.pool.HikariPool - HikariPool-1 - Added connection conn0: url=jdbc:h2:mem:orderDb user=SA
2026-01-06 00:47:19 INFO  com.zaxxer.hikari.HikariDataSource - HikariPool-1 - Start completed.
2026-01-06 00:47:19 INFO  o.s.b.a.h.H2ConsoleAutoConfiguration - H2 console available at '/h2-console'. Database available at 'jdbc:h2:mem:orderDb'
2026-01-06 00:47:20 INFO  o.h.jpa.internal.util.LogHelper - HHH000204: Processing PersistenceUnitInfo [name: default]
2026-01-06 00:47:20 INFO  org.hibernate.Version - HHH000412: Hibernate ORM core version 6.4.8.Final
2026-01-06 00:47:20 INFO  o.h.c.i.RegionFactoryInitiator - HHH000026: Second-level cache disabled
2026-01-06 00:47:21 INFO  o.s.o.j.p.SpringPersistenceUnitInfo - No LoadTimeWeaver setup: ignoring JPA class transformer
2026-01-06 00:47:21 WARN  org.hibernate.orm.deprecation - HHH90000025: H2Dialect does not need to be specified explicitly using 'hibernate.dialect' (remove the property setting and it will be selected by default)
2026-01-06 00:47:23 INFO  o.h.e.t.j.p.i.JtaPlatformInitiator - HHH000489: No JTA platform available (set 'hibernate.transaction.jta.platform' to enable JTA platform integration)
2026-01-06 00:47:23 INFO  o.s.o.j.LocalContainerEntityManagerFactoryBean - Initialized JPA EntityManagerFactory for persistence unit 'default'
2026-01-06 00:47:25 WARN  o.s.b.a.o.j.JpaBaseConfiguration$JpaWebConfiguration - spring.jpa.open-in-view is enabled by default. Therefore, database queries may be performed during view rendering. Explicitly configure spring.jpa.open-in-view to disable this warning
2026-01-06 00:47:26 INFO  o.s.s.web.DefaultSecurityFilterChain - Will secure any request with [org.springframework.security.web.session.DisableEncodeUrlFilter@326d39fd, org.springframework.security.web.context.request.async.WebAsyncManagerIntegrationFilter@403f6c04, org.springframework.security.web.context.SecurityContextHolderFilter@298cfe89, org.springframework.security.web.header.HeaderWriterFilter@5d72da0b, org.springframework.web.filter.CorsFilter@2693e39c, org.springframework.security.web.authentication.logout.LogoutFilter@797c67c, com.assignment.order_processor.security.JwtAuthFilter@3cb6e0ee, org.springframework.security.web.savedrequest.RequestCacheAwareFilter@49522bdf, org.springframework.security.web.servletapi.SecurityContextHolderAwareRequestFilter@77587422, org.springframework.security.web.authentication.AnonymousAuthenticationFilter@4bbabec8, org.springframework.security.web.session.SessionManagementFilter@546ca9da, org.springframework.security.web.access.ExceptionTranslationFilter@59f56892, org.springframework.security.web.access.intercept.AuthorizationFilter@24facb47]
2026-01-06 00:47:28 INFO  o.s.b.w.e.tomcat.TomcatWebServer - Tomcat started on port 8080 (http) with context path ''
2026-01-06 00:47:29 INFO  o.a.c.s.LifecycleStrategySupport - Autowired property: amqpAdmin on component: spring-rabbitmq as exactly one instance of type: org.springframework.amqp.core.AmqpAdmin (org.springframework.amqp.rabbit.core.RabbitAdmin) found in the registry
2026-01-06 00:47:29 INFO  o.a.c.s.LifecycleStrategySupport - Autowired property: connectionFactory on component: spring-rabbitmq as exactly one instance of type: org.springframework.amqp.rabbit.connection.ConnectionFactory (org.springframework.amqp.rabbit.connection.CachingConnectionFactory) found in the registry
2026-01-06 00:47:29 INFO  o.a.c.i.engine.AbstractCamelContext - Apache Camel 4.6.0 (camel-1) is starting
2026-01-06 00:47:29 INFO  o.s.a.r.c.CachingConnectionFactory - Attempting to connect to: [localhost:5672]
2026-01-06 00:47:29 INFO  o.s.a.r.c.CachingConnectionFactory - Created new connection: rabbitConnectionFactory#88fe9a8:0/SimpleConnection@28068327 [delegate=amqp://guest@127.0.0.1:5672/, localPort=56229]
2026-01-06 00:47:29 INFO  o.a.c.c.s.SpringRabbitMQEndpoint - Auto-declaring a non-durable, auto-delete, or exclusive Queue (spring.gen-sKtue58oSFy9XQjpLT45TA)durable:false, auto-delete:false, exclusive:false. It will be redeclared if the broker stops and is restarted while the connection factory is alive, but all messages will be lost.
2026-01-06 00:47:29 INFO  o.a.c.c.s.CamelDirectMessageListenerContainer - Container initialized for queues: [spring.gen-sKtue58oSFy9XQjpLT45TA]
2026-01-06 00:47:29 INFO  o.a.c.i.engine.AbstractCamelContext - Routes startup (total:2)
2026-01-06 00:47:29 INFO  o.a.c.i.engine.AbstractCamelContext -     Started file-to-order-queue (file://input/orders)
2026-01-06 00:47:29 INFO  o.a.c.i.engine.AbstractCamelContext -     Started order-consumer (spring-rabbitmq://ORDER.CREATED.QUEUE)
2026-01-06 00:47:29 INFO  o.a.c.i.engine.AbstractCamelContext - Apache Camel 4.6.0 (camel-1) started in 397ms (build:0ms init:0ms start:397ms)
2026-01-06 00:47:29 INFO  c.a.o.OrderProcessorApplication - Started OrderProcessorApplication in 18.484 seconds (process running for 19.869)
2026-01-06 00:47:29 INFO  o.a.c.c.s.CamelDirectMessageListenerContainer - SimpleConsumer [queue=spring.gen-sKtue58oSFy9XQjpLT45TA, index=0, consumerTag=amq.ctag-IZeHitmNTnE0Zx8ZJvWOqA identity=66517513] started
2026-01-06 00:48:34 INFO  o.a.c.c.C.[Tomcat].[localhost].[/] - Initializing Spring DispatcherServlet 'dispatcherServlet'
2026-01-06 00:48:34 INFO  o.s.web.servlet.DispatcherServlet - Initializing Servlet 'dispatcherServlet'
2026-01-06 00:48:34 INFO  o.s.web.servlet.DispatcherServlet - Completed initialization in 6 ms
2026-01-06 00:48:55 INFO  c.a.o.controller.OrderController - Create order request received | CustomerId=CUST101 | Product=Salt | Amount=20.0
2026-01-06 00:48:55 INFO  c.a.o.service.OrderService - Creating order | CustomerId=CUST101 | Product=Salt | Amount=20.0
2026-01-06 00:48:56 INFO  c.a.o.service.OrderService - Order saved to database | OrderId=8eb78bbd-3c1e-4033-9985-a6666175d7f0 | Status=CREATED
2026-01-06 00:48:56 INFO  c.a.o.utility.OrderFileWriter - Writing order to file | OrderId=8eb78bbd-3c1e-4033-9985-a6666175d7f0
2026-01-06 00:48:56 INFO  c.a.o.utility.OrderFileWriter - Order file written successfully | OrderId=8eb78bbd-3c1e-4033-9985-a6666175d7f0 
2026-01-06 00:48:56 INFO  c.a.o.service.OrderService - Order written to file | OrderId=8eb78bbd-3c1e-4033-9985-a6666175d7f0
2026-01-06 00:48:56 INFO  c.a.o.controller.OrderController - Order created successfully | OrderId=8eb78bbd-3c1e-4033-9985-a6666175d7f0 | Status=CREATED
2026-01-06 00:48:56 INFO  c.a.o.apache.FileToQueueRoute - File received order-8eb78bbd-3c1e-4033-9985-a6666175d7f0.json
2026-01-06 00:48:56 INFO  c.a.o.apache.FileToQueueRoute - Valid order with orderId 8eb78bbd-3c1e-4033-9985-a6666175d7f0
2026-01-06 00:48:56 INFO  c.a.o.apache.FileToQueueRoute - Order sent to queue
2026-01-06 00:48:56 INFO  c.a.o.apache.OrderConsumerRoute - Order processed | OrderId=8eb78bbd-3c1e-4033-9985-a6666175d7f0 | CustomerId=CUST101 | Amount=20.0
2026-01-06 00:49:06 WARN  o.s.w.s.m.s.DefaultHandlerExceptionResolver - Resolved [org.springframework.web.HttpRequestMethodNotSupportedException: Request method 'POST' is not supported]
2026-01-06 00:50:04 ERROR o.a.c.c.C.[.[.[.[dispatcherServlet] - Servlet.service() for servlet [dispatcherServlet] in context with path [] threw exception
io.jsonwebtoken.security.SignatureException: JWT signature does not match locally computed signature. JWT validity cannot be asserted and should not be trusted.
	at io.jsonwebtoken.impl.DefaultJwtParser.parse(DefaultJwtParser.java:399)
	at io.jsonwebtoken.impl.DefaultJwtParser.parse(DefaultJwtParser.java:529)
	at io.jsonwebtoken.impl.DefaultJwtParser.parseClaimsJws(DefaultJwtParser.java:589)
	at io.jsonwebtoken.impl.ImmutableJwtParser.parseClaimsJws(ImmutableJwtParser.java:173)
	at com.assignment.order_processor.security.JwtUtil.getClaims(JwtUtil.java:52)
	at com.assignment.order_processor.security.JwtUtil.extractUsername(JwtUtil.java:36)
	at com.assignment.order_processor.security.JwtAuthFilter.doFilterInternal(JwtAuthFilter.java:39)
	at org.springframework.web.filter.OncePerRequestFilter.doFilter(OncePerRequestFilter.java:116)
	at org.springframework.security.web.FilterChainProxy$VirtualFilterChain.doFilter(FilterChainProxy.java:374)
	at org.springframework.security.web.authentication.logout.LogoutFilter.doFilter(LogoutFilter.java:107)
	at org.springframework.security.web.authentication.logout.LogoutFilter.doFilter(LogoutFilter.java:93)
	at org.springframework.security.web.FilterChainProxy$VirtualFilterChain.doFilter(FilterChainProxy.java:374)
	at org.springframework.web.filter.CorsFilter.doFilterInternal(CorsFilter.java:91)
	at org.springframework.web.filter.OncePerRequestFilter.doFilter(OncePerRequestFilter.java:116)
	at org.springframework.security.web.FilterChainProxy$VirtualFilterChain.doFilter(FilterChainProxy.java:374)
	at org.springframework.security.web.header.HeaderWriterFilter.doHeadersAfter(HeaderWriterFilter.java:90)
	at org.springframework.security.web.header.HeaderWriterFilter.doFilterInternal(HeaderWriterFilter.java:75)
	at org.springframework.web.filter.OncePerRequestFilter.doFilter(OncePerRequestFilter.java:116)
	at org.springframework.security.web.FilterChainProxy$VirtualFilterChain.doFilter(FilterChainProxy.java:374)
	at org.springframework.security.web.context.SecurityContextHolderFilter.doFilter(SecurityContextHolderFilter.java:82)
	at org.springframework.security.web.context.SecurityContextHolderFilter.doFilter(SecurityContextHolderFilter.java:69)
	at org.springframework.security.web.FilterChainProxy$VirtualFilterChain.doFilter(FilterChainProxy.java:374)
	at org.springframework.security.web.context.request.async.WebAsyncManagerIntegrationFilter.doFilterInternal(WebAsyncManagerIntegrationFilter.java:62)
	at org.springframework.web.filter.OncePerRequestFilter.doFilter(OncePerRequestFilter.java:116)
	at org.springframework.security.web.FilterChainProxy$VirtualFilterChain.doFilter(FilterChainProxy.java:374)
	at org.springframework.security.web.session.DisableEncodeUrlFilter.doFilterInternal(DisableEncodeUrlFilter.java:42)
	at org.springframework.web.filter.OncePerRequestFilter.doFilter(OncePerRequestFilter.java:116)
	at org.springframework.security.web.FilterChainProxy$VirtualFilterChain.doFilter(FilterChainProxy.java:374)
	at org.springframework.security.web.FilterChainProxy.doFilterInternal(FilterChainProxy.java:233)
	at org.springframework.security.web.FilterChainProxy.doFilter(FilterChainProxy.java:191)
	at org.springframework.web.filter.CompositeFilter$VirtualFilterChain.doFilter(CompositeFilter.java:113)
	at org.springframework.web.servlet.handler.HandlerMappingIntrospector.lambda$createCacheFilter$3(HandlerMappingIntrospector.java:195)
	at org.springframework.web.filter.CompositeFilter$VirtualFilterChain.doFilter(CompositeFilter.java:113)
	at org.springframework.web.filter.CompositeFilter.doFilter(CompositeFilter.java:74)
	at org.springframework.security.config.annotation.web.configuration.WebMvcSecurityConfiguration$CompositeFilterChainProxy.doFilter(WebMvcSecurityConfiguration.java:230)
	at org.springframework.web.filter.DelegatingFilterProxy.invokeDelegate(DelegatingFilterProxy.java:352)
	at org.springframework.web.filter.DelegatingFilterProxy.doFilter(DelegatingFilterProxy.java:268)
	at org.apache.catalina.core.ApplicationFilterChain.internalDoFilter(ApplicationFilterChain.java:164)
	at org.apache.catalina.core.ApplicationFilterChain.doFilter(ApplicationFilterChain.java:140)
	at org.springframework.web.filter.RequestContextFilter.doFilterInternal(RequestContextFilter.java:100)
	at org.springframework.web.filter.OncePerRequestFilter.doFilter(OncePerRequestFilter.java:116)
	at org.apache.catalina.core.ApplicationFilterChain.internalDoFilter(ApplicationFilterChain.java:164)
	at org.apache.catalina.core.ApplicationFilterChain.doFilter(ApplicationFilterChain.java:140)
	at org.springframework.web.filter.FormContentFilter.doFilterInternal(FormContentFilter.java:93)
	at org.springframework.web.filter.OncePerRequestFilter.doFilter(OncePerRequestFilter.java:116)
	at org.apache.catalina.core.ApplicationFilterChain.internalDoFilter(ApplicationFilterChain.java:164)
	at org.apache.catalina.core.ApplicationFilterChain.doFilter(ApplicationFilterChain.java:140)
	at org.springframework.web.filter.CharacterEncodingFilter.doFilterInternal(CharacterEncodingFilter.java:201)
	at org.springframework.web.filter.OncePerRequestFilter.doFilter(OncePerRequestFilter.java:116)
	at org.apache.catalina.core.ApplicationFilterChain.internalDoFilter(ApplicationFilterChain.java:164)
	at org.apache.catalina.core.ApplicationFilterChain.doFilter(ApplicationFilterChain.java:140)
	at org.apache.catalina.core.StandardWrapperValve.invoke(StandardWrapperValve.java:167)
	at org.apache.catalina.core.StandardContextValve.invoke(StandardContextValve.java:90)
	at org.apache.catalina.authenticator.AuthenticatorBase.invoke(AuthenticatorBase.java:482)
	at org.apache.catalina.core.StandardHostValve.invoke(StandardHostValve.java:115)
	at org.apache.catalina.valves.ErrorReportValve.invoke(ErrorReportValve.java:93)
	at org.apache.catalina.core.StandardEngineValve.invoke(StandardEngineValve.java:74)
	at org.apache.catalina.connector.CoyoteAdapter.service(CoyoteAdapter.java:344)
	at org.apache.coyote.http11.Http11Processor.service(Http11Processor.java:389)
	at org.apache.coyote.AbstractProcessorLight.process(AbstractProcessorLight.java:63)
	at org.apache.coyote.AbstractProtocol$ConnectionHandler.process(AbstractProtocol.java:896)
	at org.apache.tomcat.util.net.NioEndpoint$SocketProcessor.doRun(NioEndpoint.java:1741)
	at org.apache.tomcat.util.net.SocketProcessorBase.run(SocketProcessorBase.java:52)
	at org.apache.tomcat.util.threads.ThreadPoolExecutor.runWorker(ThreadPoolExecutor.java:1190)
	at org.apache.tomcat.util.threads.ThreadPoolExecutor$Worker.run(ThreadPoolExecutor.java:659)
	at org.apache.tomcat.util.threads.TaskThread$WrappingRunnable.run(TaskThread.java:63)
	at java.base/java.lang.Thread.run(Thread.java:1583)
2026-01-06 00:50:13 WARN  o.s.w.s.m.s.DefaultHandlerExceptionResolver - Resolved [org.springframework.web.method.annotation.MethodArgumentTypeMismatchException: Failed to convert value of type 'java.lang.String' to required type 'java.util.UUID'; Invalid UUID string: my]
2026-01-06 00:51:18 WARN  o.s.w.s.m.s.DefaultHandlerExceptionResolver - Resolved [org.springframework.web.method.annotation.MethodArgumentTypeMismatchException: Failed to convert value of type 'java.lang.String' to required type 'java.util.UUID'; Invalid UUID string: my]
2026-01-06 00:51:44 WARN  o.s.w.s.m.s.DefaultHandlerExceptionResolver - Resolved [org.springframework.web.method.annotation.MethodArgumentTypeMismatchException: Failed to convert value of type 'java.lang.String' to required type 'java.util.UUID'; Invalid UUID string: my]
2026-01-06 00:52:07 WARN  o.s.w.s.m.s.DefaultHandlerExceptionResolver - Resolved [org.springframework.web.method.annotation.MethodArgumentTypeMismatchException: Failed to convert value of type 'java.lang.String' to required type 'java.util.UUID'; Invalid UUID string: my]
2026-01-06 00:53:02 INFO  o.a.c.i.engine.AbstractCamelContext - Apache Camel 4.6.0 (camel-1) is shutting down (timeout:45s)
2026-01-06 00:53:02 INFO  o.a.c.c.s.CamelDirectMessageListenerContainer - Successfully waited for consumers to finish.
2026-01-06 00:53:02 INFO  o.a.c.i.engine.AbstractCamelContext - Routes stopped (total:2)
2026-01-06 00:53:02 INFO  o.a.c.i.engine.AbstractCamelContext -     Stopped order-consumer (spring-rabbitmq://ORDER.CREATED.QUEUE)
2026-01-06 00:53:02 INFO  o.a.c.i.engine.AbstractCamelContext -     Stopped file-to-order-queue (file://input/orders)
2026-01-06 00:53:02 INFO  o.a.c.i.engine.AbstractCamelContext - Apache Camel 4.6.0 (camel-1) shutdown in 58ms (uptime:5m33s)
2026-01-06 00:53:03 INFO  o.s.o.j.LocalContainerEntityManagerFactoryBean - Closing JPA EntityManagerFactory for persistence unit 'default'
2026-01-06 00:53:03 INFO  com.zaxxer.hikari.HikariDataSource - HikariPool-1 - Shutdown initiated...
2026-01-06 00:53:03 INFO  com.zaxxer.hikari.HikariDataSource - HikariPool-1 - Shutdown completed.
2026-01-06 00:53:13 INFO  c.a.o.OrderProcessorApplication - Starting OrderProcessorApplication using Java 21.0.5 with PID 15164 (C:\order-processor\target\classes started by hp in C:\order-processor)
2026-01-06 00:53:13 INFO  c.a.o.OrderProcessorApplication - No active profile set, falling back to 1 default profile: "default"
2026-01-06 00:53:17 INFO  o.s.d.r.c.RepositoryConfigurationDelegate - Bootstrapping Spring Data JPA repositories in DEFAULT mode.
2026-01-06 00:53:17 INFO  o.s.d.r.c.RepositoryConfigurationDelegate - Finished Spring Data repository scanning in 187 ms. Found 1 JPA repository interface.
2026-01-06 00:53:20 INFO  o.s.b.w.e.tomcat.TomcatWebServer - Tomcat initialized with port 8080 (http)
2026-01-06 00:53:20 INFO  o.a.catalina.core.StandardService - Starting service [Tomcat]
2026-01-06 00:53:20 INFO  o.a.catalina.core.StandardEngine - Starting Servlet engine: [Apache Tomcat/10.1.24]
2026-01-06 00:53:20 INFO  o.a.c.c.C.[Tomcat].[localhost].[/] - Initializing Spring embedded WebApplicationContext
2026-01-06 00:53:20 INFO  o.s.b.w.s.c.ServletWebServerApplicationContext - Root WebApplicationContext: initialization completed in 6232 ms
2026-01-06 00:53:20 INFO  com.zaxxer.hikari.HikariDataSource - HikariPool-1 - Starting...
2026-01-06 00:53:20 INFO  com.zaxxer.hikari.pool.HikariPool - HikariPool-1 - Added connection conn0: url=jdbc:h2:mem:orderDb user=SA
2026-01-06 00:53:20 INFO  com.zaxxer.hikari.HikariDataSource - HikariPool-1 - Start completed.
2026-01-06 00:53:21 INFO  o.s.b.a.h.H2ConsoleAutoConfiguration - H2 console available at '/h2-console'. Database available at 'jdbc:h2:mem:orderDb'
2026-01-06 00:53:21 INFO  o.h.jpa.internal.util.LogHelper - HHH000204: Processing PersistenceUnitInfo [name: default]
2026-01-06 00:53:21 INFO  org.hibernate.Version - HHH000412: Hibernate ORM core version 6.4.8.Final
2026-01-06 00:53:22 INFO  o.h.c.i.RegionFactoryInitiator - HHH000026: Second-level cache disabled
2026-01-06 00:53:22 INFO  o.s.o.j.p.SpringPersistenceUnitInfo - No LoadTimeWeaver setup: ignoring JPA class transformer
2026-01-06 00:53:22 WARN  org.hibernate.orm.deprecation - HHH90000025: H2Dialect does not need to be specified explicitly using 'hibernate.dialect' (remove the property setting and it will be selected by default)
2026-01-06 00:53:24 INFO  o.h.e.t.j.p.i.JtaPlatformInitiator - HHH000489: No JTA platform available (set 'hibernate.transaction.jta.platform' to enable JTA platform integration)
2026-01-06 00:53:24 INFO  o.s.o.j.LocalContainerEntityManagerFactoryBean - Initialized JPA EntityManagerFactory for persistence unit 'default'
2026-01-06 00:53:27 WARN  o.s.b.a.o.j.JpaBaseConfiguration$JpaWebConfiguration - spring.jpa.open-in-view is enabled by default. Therefore, database queries may be performed during view rendering. Explicitly configure spring.jpa.open-in-view to disable this warning
2026-01-06 00:53:27 INFO  o.s.s.web.DefaultSecurityFilterChain - Will secure any request with [org.springframework.security.web.session.DisableEncodeUrlFilter@326d39fd, org.springframework.security.web.context.request.async.WebAsyncManagerIntegrationFilter@403f6c04, org.springframework.security.web.context.SecurityContextHolderFilter@298cfe89, org.springframework.security.web.header.HeaderWriterFilter@5d72da0b, org.springframework.web.filter.CorsFilter@2693e39c, org.springframework.security.web.authentication.logout.LogoutFilter@797c67c, com.assignment.order_processor.security.JwtAuthFilter@3cb6e0ee, org.springframework.security.web.savedrequest.RequestCacheAwareFilter@49522bdf, org.springframework.security.web.servletapi.SecurityContextHolderAwareRequestFilter@77587422, org.springframework.security.web.authentication.AnonymousAuthenticationFilter@4bbabec8, org.springframework.security.web.session.SessionManagementFilter@546ca9da, org.springframework.security.web.access.ExceptionTranslationFilter@59f56892, org.springframework.security.web.access.intercept.AuthorizationFilter@24facb47]
2026-01-06 00:53:29 INFO  o.s.b.w.e.tomcat.TomcatWebServer - Tomcat started on port 8080 (http) with context path ''
2026-01-06 00:53:30 INFO  o.a.c.s.LifecycleStrategySupport - Autowired property: amqpAdmin on component: spring-rabbitmq as exactly one instance of type: org.springframework.amqp.core.AmqpAdmin (org.springframework.amqp.rabbit.core.RabbitAdmin) found in the registry
2026-01-06 00:53:30 INFO  o.a.c.s.LifecycleStrategySupport - Autowired property: connectionFactory on component: spring-rabbitmq as exactly one instance of type: org.springframework.amqp.rabbit.connection.ConnectionFactory (org.springframework.amqp.rabbit.connection.CachingConnectionFactory) found in the registry
2026-01-06 00:53:30 INFO  o.a.c.i.engine.AbstractCamelContext - Apache Camel 4.6.0 (camel-1) is starting
2026-01-06 00:53:31 INFO  o.s.a.r.c.CachingConnectionFactory - Attempting to connect to: [localhost:5672]
2026-01-06 00:53:31 INFO  o.s.a.r.c.CachingConnectionFactory - Created new connection: rabbitConnectionFactory#88fe9a8:0/SimpleConnection@3d8c3d0a [delegate=amqp://guest@127.0.0.1:5672/, localPort=55679]
2026-01-06 00:53:31 INFO  o.a.c.c.s.SpringRabbitMQEndpoint - Auto-declaring a non-durable, auto-delete, or exclusive Queue (spring.gen-cb_jy_h8R-KJ6qL50tdKug)durable:false, auto-delete:false, exclusive:false. It will be redeclared if the broker stops and is restarted while the connection factory is alive, but all messages will be lost.
2026-01-06 00:53:31 INFO  o.a.c.c.s.CamelDirectMessageListenerContainer - Container initialized for queues: [spring.gen-cb_jy_h8R-KJ6qL50tdKug]
2026-01-06 00:53:31 INFO  o.a.c.i.engine.AbstractCamelContext - Routes startup (total:2)
2026-01-06 00:53:31 INFO  o.a.c.i.engine.AbstractCamelContext -     Started file-to-order-queue (file://input/orders)
2026-01-06 00:53:31 INFO  o.a.c.i.engine.AbstractCamelContext -     Started order-consumer (spring-rabbitmq://ORDER.CREATED.QUEUE)
2026-01-06 00:53:31 INFO  o.a.c.i.engine.AbstractCamelContext - Apache Camel 4.6.0 (camel-1) started in 453ms (build:0ms init:0ms start:453ms)
2026-01-06 00:53:31 INFO  c.a.o.OrderProcessorApplication - Started OrderProcessorApplication in 19.116 seconds (process running for 20.502)
2026-01-06 00:53:31 INFO  o.a.c.c.s.CamelDirectMessageListenerContainer - SimpleConsumer [queue=spring.gen-cb_jy_h8R-KJ6qL50tdKug, index=0, consumerTag=amq.ctag-D3TKhL15dxrN6_ofLbhAMQ identity=41a87064] started
2026-01-06 00:53:37 INFO  o.a.c.c.C.[Tomcat].[localhost].[/] - Initializing Spring DispatcherServlet 'dispatcherServlet'
2026-01-06 00:53:37 INFO  o.s.web.servlet.DispatcherServlet - Initializing Servlet 'dispatcherServlet'
2026-01-06 00:53:37 INFO  o.s.web.servlet.DispatcherServlet - Completed initialization in 8 ms
2026-01-06 00:54:02 INFO  c.a.o.service.OrderService - Retrieving orders for user | CustomerId=user
2026-01-06 00:54:02 INFO  c.a.o.service.OrderService - Orders retrieved for user | Name=user | Count=0
2026-01-06 00:54:12 ERROR o.a.c.c.C.[.[.[.[dispatcherServlet] - Servlet.service() for servlet [dispatcherServlet] in context with path [] threw exception
io.jsonwebtoken.security.SignatureException: JWT signature does not match locally computed signature. JWT validity cannot be asserted and should not be trusted.
	at io.jsonwebtoken.impl.DefaultJwtParser.parse(DefaultJwtParser.java:399)
	at io.jsonwebtoken.impl.DefaultJwtParser.parse(DefaultJwtParser.java:529)
	at io.jsonwebtoken.impl.DefaultJwtParser.parseClaimsJws(DefaultJwtParser.java:589)
	at io.jsonwebtoken.impl.ImmutableJwtParser.parseClaimsJws(ImmutableJwtParser.java:173)
	at com.assignment.order_processor.security.JwtUtil.getClaims(JwtUtil.java:52)
	at com.assignment.order_processor.security.JwtUtil.extractUsername(JwtUtil.java:36)
	at com.assignment.order_processor.security.JwtAuthFilter.doFilterInternal(JwtAuthFilter.java:39)
	at org.springframework.web.filter.OncePerRequestFilter.doFilter(OncePerRequestFilter.java:116)
	at org.springframework.security.web.FilterChainProxy$VirtualFilterChain.doFilter(FilterChainProxy.java:374)
	at org.springframework.security.web.authentication.logout.LogoutFilter.doFilter(LogoutFilter.java:107)
	at org.springframework.security.web.authentication.logout.LogoutFilter.doFilter(LogoutFilter.java:93)
	at org.springframework.security.web.FilterChainProxy$VirtualFilterChain.doFilter(FilterChainProxy.java:374)
	at org.springframework.web.filter.CorsFilter.doFilterInternal(CorsFilter.java:91)
	at org.springframework.web.filter.OncePerRequestFilter.doFilter(OncePerRequestFilter.java:116)
	at org.springframework.security.web.FilterChainProxy$VirtualFilterChain.doFilter(FilterChainProxy.java:374)
	at org.springframework.security.web.header.HeaderWriterFilter.doHeadersAfter(HeaderWriterFilter.java:90)
	at org.springframework.security.web.header.HeaderWriterFilter.doFilterInternal(HeaderWriterFilter.java:75)
	at org.springframework.web.filter.OncePerRequestFilter.doFilter(OncePerRequestFilter.java:116)
	at org.springframework.security.web.FilterChainProxy$VirtualFilterChain.doFilter(FilterChainProxy.java:374)
	at org.springframework.security.web.context.SecurityContextHolderFilter.doFilter(SecurityContextHolderFilter.java:82)
	at org.springframework.security.web.context.SecurityContextHolderFilter.doFilter(SecurityContextHolderFilter.java:69)
	at org.springframework.security.web.FilterChainProxy$VirtualFilterChain.doFilter(FilterChainProxy.java:374)
	at org.springframework.security.web.context.request.async.WebAsyncManagerIntegrationFilter.doFilterInternal(WebAsyncManagerIntegrationFilter.java:62)
	at org.springframework.web.filter.OncePerRequestFilter.doFilter(OncePerRequestFilter.java:116)
	at org.springframework.security.web.FilterChainProxy$VirtualFilterChain.doFilter(FilterChainProxy.java:374)
	at org.springframework.security.web.session.DisableEncodeUrlFilter.doFilterInternal(DisableEncodeUrlFilter.java:42)
	at org.springframework.web.filter.OncePerRequestFilter.doFilter(OncePerRequestFilter.java:116)
	at org.springframework.security.web.FilterChainProxy$VirtualFilterChain.doFilter(FilterChainProxy.java:374)
	at org.springframework.security.web.FilterChainProxy.doFilterInternal(FilterChainProxy.java:233)
	at org.springframework.security.web.FilterChainProxy.doFilter(FilterChainProxy.java:191)
	at org.springframework.web.filter.CompositeFilter$VirtualFilterChain.doFilter(CompositeFilter.java:113)
	at org.springframework.web.servlet.handler.HandlerMappingIntrospector.lambda$createCacheFilter$3(HandlerMappingIntrospector.java:195)
	at org.springframework.web.filter.CompositeFilter$VirtualFilterChain.doFilter(CompositeFilter.java:113)
	at org.springframework.web.filter.CompositeFilter.doFilter(CompositeFilter.java:74)
	at org.springframework.security.config.annotation.web.configuration.WebMvcSecurityConfiguration$CompositeFilterChainProxy.doFilter(WebMvcSecurityConfiguration.java:230)
	at org.springframework.web.filter.DelegatingFilterProxy.invokeDelegate(DelegatingFilterProxy.java:352)
	at org.springframework.web.filter.DelegatingFilterProxy.doFilter(DelegatingFilterProxy.java:268)
	at org.apache.catalina.core.ApplicationFilterChain.internalDoFilter(ApplicationFilterChain.java:164)
	at org.apache.catalina.core.ApplicationFilterChain.doFilter(ApplicationFilterChain.java:140)
	at org.springframework.web.filter.RequestContextFilter.doFilterInternal(RequestContextFilter.java:100)
	at org.springframework.web.filter.OncePerRequestFilter.doFilter(OncePerRequestFilter.java:116)
	at org.apache.catalina.core.ApplicationFilterChain.internalDoFilter(ApplicationFilterChain.java:164)
	at org.apache.catalina.core.ApplicationFilterChain.doFilter(ApplicationFilterChain.java:140)
	at org.springframework.web.filter.FormContentFilter.doFilterInternal(FormContentFilter.java:93)
	at org.springframework.web.filter.OncePerRequestFilter.doFilter(OncePerRequestFilter.java:116)
	at org.apache.catalina.core.ApplicationFilterChain.internalDoFilter(ApplicationFilterChain.java:164)
	at org.apache.catalina.core.ApplicationFilterChain.doFilter(ApplicationFilterChain.java:140)
	at org.springframework.web.filter.CharacterEncodingFilter.doFilterInternal(CharacterEncodingFilter.java:201)
	at org.springframework.web.filter.OncePerRequestFilter.doFilter(OncePerRequestFilter.java:116)
	at org.apache.catalina.core.ApplicationFilterChain.internalDoFilter(ApplicationFilterChain.java:164)
	at org.apache.catalina.core.ApplicationFilterChain.doFilter(ApplicationFilterChain.java:140)
	at org.apache.catalina.core.StandardWrapperValve.invoke(StandardWrapperValve.java:167)
	at org.apache.catalina.core.StandardContextValve.invoke(StandardContextValve.java:90)
	at org.apache.catalina.authenticator.AuthenticatorBase.invoke(AuthenticatorBase.java:482)
	at org.apache.catalina.core.StandardHostValve.invoke(StandardHostValve.java:115)
	at org.apache.catalina.valves.ErrorReportValve.invoke(ErrorReportValve.java:93)
	at org.apache.catalina.core.StandardEngineValve.invoke(StandardEngineValve.java:74)
	at org.apache.catalina.connector.CoyoteAdapter.service(CoyoteAdapter.java:344)
	at org.apache.coyote.http11.Http11Processor.service(Http11Processor.java:389)
	at org.apache.coyote.AbstractProcessorLight.process(AbstractProcessorLight.java:63)
	at org.apache.coyote.AbstractProtocol$ConnectionHandler.process(AbstractProtocol.java:896)
	at org.apache.tomcat.util.net.NioEndpoint$SocketProcessor.doRun(NioEndpoint.java:1741)
	at org.apache.tomcat.util.net.SocketProcessorBase.run(SocketProcessorBase.java:52)
	at org.apache.tomcat.util.threads.ThreadPoolExecutor.runWorker(ThreadPoolExecutor.java:1190)
	at org.apache.tomcat.util.threads.ThreadPoolExecutor$Worker.run(ThreadPoolExecutor.java:659)
	at org.apache.tomcat.util.threads.TaskThread$WrappingRunnable.run(TaskThread.java:63)
	at java.base/java.lang.Thread.run(Thread.java:1583)
2026-01-06 00:54:22 INFO  c.a.o.controller.OrderController - Create order request received | CustomerId=CUST101 | Product=Salt | Amount=20.0
2026-01-06 00:54:22 INFO  c.a.o.service.OrderService - Creating order | CustomerId=CUST101 | Product=Salt | Amount=20.0
2026-01-06 00:54:23 INFO  c.a.o.service.OrderService - Order saved to database | OrderId=d7573337-da55-429b-8e8e-14c75b0d85c1 | Status=CREATED
2026-01-06 00:54:23 INFO  c.a.o.utility.OrderFileWriter - Writing order to file | OrderId=d7573337-da55-429b-8e8e-14c75b0d85c1
2026-01-06 00:54:23 INFO  c.a.o.utility.OrderFileWriter - Order file written successfully | OrderId=d7573337-da55-429b-8e8e-14c75b0d85c1 
2026-01-06 00:54:23 INFO  c.a.o.service.OrderService - Order written to file | OrderId=d7573337-da55-429b-8e8e-14c75b0d85c1
2026-01-06 00:54:23 INFO  c.a.o.controller.OrderController - Order created successfully | OrderId=d7573337-da55-429b-8e8e-14c75b0d85c1 | Status=CREATED
2026-01-06 00:54:23 INFO  c.a.o.apache.FileToQueueRoute - File received order-d7573337-da55-429b-8e8e-14c75b0d85c1.json
2026-01-06 00:54:23 INFO  c.a.o.apache.FileToQueueRoute - Valid order with orderId d7573337-da55-429b-8e8e-14c75b0d85c1
2026-01-06 00:54:23 INFO  c.a.o.apache.FileToQueueRoute - Order sent to queue
2026-01-06 00:54:23 INFO  c.a.o.apache.OrderConsumerRoute - Order processed | OrderId=d7573337-da55-429b-8e8e-14c75b0d85c1 | CustomerId=CUST101 | Amount=20.0
2026-01-06 00:54:40 INFO  c.a.o.controller.OrderController - Create order request received | CustomerId=CUST201 | Product=Sugar | Amount=20.0
2026-01-06 00:54:40 INFO  c.a.o.service.OrderService - Creating order | CustomerId=CUST201 | Product=Sugar | Amount=20.0
2026-01-06 00:54:40 INFO  c.a.o.service.OrderService - Order saved to database | OrderId=8a23a6cf-1820-4175-8373-054a1e9fa78a | Status=CREATED
2026-01-06 00:54:40 INFO  c.a.o.utility.OrderFileWriter - Writing order to file | OrderId=8a23a6cf-1820-4175-8373-054a1e9fa78a
2026-01-06 00:54:40 INFO  c.a.o.utility.OrderFileWriter - Order file written successfully | OrderId=8a23a6cf-1820-4175-8373-054a1e9fa78a 
2026-01-06 00:54:40 INFO  c.a.o.service.OrderService - Order written to file | OrderId=8a23a6cf-1820-4175-8373-054a1e9fa78a
2026-01-06 00:54:40 INFO  c.a.o.controller.OrderController - Order created successfully | OrderId=8a23a6cf-1820-4175-8373-054a1e9fa78a | Status=CREATED
2026-01-06 00:54:40 INFO  c.a.o.apache.FileToQueueRoute - File received order-8a23a6cf-1820-4175-8373-054a1e9fa78a.json
2026-01-06 00:54:40 INFO  c.a.o.apache.FileToQueueRoute - Valid order with orderId 8a23a6cf-1820-4175-8373-054a1e9fa78a
2026-01-06 00:54:40 INFO  c.a.o.apache.FileToQueueRoute - Order sent to queue
2026-01-06 00:54:40 INFO  c.a.o.apache.OrderConsumerRoute - Order processed | OrderId=8a23a6cf-1820-4175-8373-054a1e9fa78a | CustomerId=CUST201 | Amount=20.0
2026-01-06 00:54:45 INFO  c.a.o.service.OrderService - Retrieving orders for user | CustomerId=user
2026-01-06 00:54:45 INFO  c.a.o.service.OrderService - Orders retrieved for user | Name=user | Count=2
2026-01-06 00:57:45 INFO  c.a.o.service.OrderService - Retrieving orders for user | CustomerId=user
2026-01-06 00:57:45 INFO  c.a.o.service.OrderService - Orders retrieved for user | Name=user | Count=2
2026-01-06 01:22:26 WARN  com.zaxxer.hikari.pool.HikariPool - HikariPool-1 - Thread starvation or clock leap detected (housekeeper delta=14m35s524ms132µs600ns).
2026-01-06 01:22:33 INFO  o.a.c.i.engine.AbstractCamelContext - Apache Camel 4.6.0 (camel-1) is shutting down (timeout:45s)
2026-01-06 01:22:33 INFO  o.a.c.c.s.CamelDirectMessageListenerContainer - Successfully waited for consumers to finish.
2026-01-06 01:22:33 INFO  o.a.c.i.engine.AbstractCamelContext - Routes stopped (total:2)
2026-01-06 01:22:33 INFO  o.a.c.i.engine.AbstractCamelContext -     Stopped order-consumer (spring-rabbitmq://ORDER.CREATED.QUEUE)
2026-01-06 01:22:33 INFO  o.a.c.i.engine.AbstractCamelContext -     Stopped file-to-order-queue (file://input/orders)
2026-01-06 01:22:33 INFO  o.a.c.i.engine.AbstractCamelContext - Apache Camel 4.6.0 (camel-1) shutdown in 437ms (uptime:29m2s)
2026-01-06 01:22:33 INFO  o.s.o.j.LocalContainerEntityManagerFactoryBean - Closing JPA EntityManagerFactory for persistence unit 'default'
2026-01-06 01:22:34 INFO  com.zaxxer.hikari.HikariDataSource - HikariPool-1 - Shutdown initiated...
2026-01-06 01:22:34 INFO  com.zaxxer.hikari.HikariDataSource - HikariPool-1 - Shutdown completed.
